{"C:\\Development\\code_projects\\monaco-notes\\src\\components\\BaseActionConfirmeForm.vue": {"path":"C:\\Development\\code_projects\\monaco-notes\\src\\components\\BaseActionConfirmeForm.vue","statementMap":{"0":{"start":{"line":11,"column":0},"end":{"line":null,"column":-1}},"1":{"start":{"line":16,"column":0},"end":{"line":null,"column":-1}},"2":{"start":{"line":18,"column":0},"end":{"line":17,"column":0}},"3":{"start":{"line":16,"column":0},"end":{"line":13,"column":0}}},"fnMap":{},"branchMap":{},"s":{"0":1,"1":1,"2":1,"3":1},"f":{},"b":{}}
,"C:\\Development\\code_projects\\monaco-notes\\src\\components\\BaseCodeNote.vue": {"path":"C:\\Development\\code_projects\\monaco-notes\\src\\components\\BaseCodeNote.vue","statementMap":{"0":{"start":{"line":71,"column":0},"end":{"line":null,"column":-1}},"1":{"start":{"line":72,"column":0},"end":{"line":null,"column":-1}},"2":{"start":{"line":73,"column":0},"end":{"line":null,"column":-1}},"3":{"start":{"line":74,"column":0},"end":{"line":null,"column":-1}},"4":{"start":{"line":75,"column":0},"end":{"line":null,"column":-1}},"5":{"start":{"line":77,"column":0},"end":{"line":null,"column":-1}},"6":{"start":{"line":95,"column":0},"end":{"line":null,"column":-1}},"7":{"start":{"line":96,"column":0},"end":{"line":null,"column":-1}},"8":{"start":{"line":97,"column":0},"end":{"line":null,"column":-1}},"9":{"start":{"line":99,"column":0},"end":{"line":null,"column":-1}},"10":{"start":{"line":100,"column":0},"end":{"line":null,"column":-1}},"11":{"start":{"line":101,"column":0},"end":{"line":null,"column":-1}},"12":{"start":{"line":102,"column":0},"end":{"line":null,"column":-1}},"13":{"start":{"line":103,"column":0},"end":{"line":null,"column":-1}},"14":{"start":{"line":104,"column":0},"end":{"line":null,"column":-1}},"15":{"start":{"line":105,"column":0},"end":{"line":null,"column":-1}},"16":{"start":{"line":106,"column":0},"end":{"line":null,"column":-1}},"17":{"start":{"line":108,"column":0},"end":{"line":null,"column":-1}},"18":{"start":{"line":109,"column":0},"end":{"line":null,"column":-1}},"19":{"start":{"line":110,"column":0},"end":{"line":112,"column":0}},"20":{"start":{"line":111,"column":0},"end":{"line":null,"column":-1}},"21":{"start":{"line":113,"column":0},"end":{"line":null,"column":-1}},"22":{"start":{"line":116,"column":0},"end":{"line":null,"column":-1}},"23":{"start":{"line":117,"column":0},"end":{"line":null,"column":-1}},"24":{"start":{"line":118,"column":0},"end":{"line":null,"column":-1}},"25":{"start":{"line":121,"column":0},"end":{"line":null,"column":-1}},"26":{"start":{"line":122,"column":0},"end":{"line":null,"column":-1}},"27":{"start":{"line":123,"column":0},"end":{"line":129,"column":0}},"28":{"start":{"line":124,"column":0},"end":{"line":null,"column":-1}},"29":{"start":{"line":125,"column":0},"end":{"line":null,"column":-1}},"30":{"start":{"line":126,"column":0},"end":{"line":null,"column":-1}},"31":{"start":{"line":127,"column":0},"end":{"line":null,"column":-1}},"32":{"start":{"line":128,"column":0},"end":{"line":null,"column":-1}},"33":{"start":{"line":130,"column":0},"end":{"line":null,"column":-1}},"34":{"start":{"line":133,"column":0},"end":{"line":135,"column":0}},"35":{"start":{"line":134,"column":0},"end":{"line":null,"column":-1}},"36":{"start":{"line":136,"column":0},"end":{"line":141,"column":0}},"37":{"start":{"line":140,"column":0},"end":{"line":null,"column":-1}},"38":{"start":{"line":142,"column":0},"end":{"line":null,"column":-1}},"39":{"start":{"line":145,"column":0},"end":{"line":null,"column":-1}},"40":{"start":{"line":146,"column":0},"end":{"line":null,"column":-1}},"41":{"start":{"line":147,"column":0},"end":{"line":null,"column":-1}},"42":{"start":{"line":148,"column":0},"end":{"line":null,"column":-1}},"43":{"start":{"line":149,"column":0},"end":{"line":null,"column":-1}},"44":{"start":{"line":150,"column":0},"end":{"line":null,"column":-1}},"45":{"start":{"line":151,"column":0},"end":{"line":null,"column":-1}},"46":{"start":{"line":154,"column":0},"end":{"line":159,"column":0}},"47":{"start":{"line":155,"column":0},"end":{"line":null,"column":-1}},"48":{"start":{"line":156,"column":0},"end":{"line":158,"column":0}},"49":{"start":{"line":157,"column":0},"end":{"line":null,"column":-1}},"50":{"start":{"line":162,"column":0},"end":{"line":null,"column":-1}},"51":{"start":{"line":163,"column":0},"end":{"line":null,"column":-1}},"52":{"start":{"line":164,"column":0},"end":{"line":null,"column":-1}},"53":{"start":{"line":167,"column":0},"end":{"line":null,"column":-1}},"54":{"start":{"line":170,"column":0},"end":{"line":null,"column":-1}},"55":{"start":{"line":173,"column":0},"end":{"line":178,"column":0}},"56":{"start":{"line":174,"column":0},"end":{"line":null,"column":-1}},"57":{"start":{"line":175,"column":0},"end":{"line":177,"column":0}},"58":{"start":{"line":176,"column":0},"end":{"line":null,"column":-1}},"59":{"start":{"line":181,"column":0},"end":{"line":null,"column":-1}},"60":{"start":{"line":182,"column":0},"end":{"line":184,"column":0}},"61":{"start":{"line":183,"column":0},"end":{"line":null,"column":-1}},"62":{"start":{"line":187,"column":0},"end":{"line":190,"column":0}},"63":{"start":{"line":188,"column":0},"end":{"line":null,"column":-1}},"64":{"start":{"line":189,"column":0},"end":{"line":null,"column":-1}},"65":{"start":{"line":193,"column":0},"end":{"line":195,"column":0}},"66":{"start":{"line":194,"column":0},"end":{"line":null,"column":-1}},"67":{"start":{"line":198,"column":0},"end":{"line":null,"column":-1}},"68":{"start":{"line":199,"column":0},"end":{"line":null,"column":-1}},"69":{"start":{"line":200,"column":0},"end":{"line":null,"column":-1}},"70":{"start":{"line":203,"column":0},"end":{"line":null,"column":-1}},"71":{"start":{"line":204,"column":0},"end":{"line":null,"column":-1}},"72":{"start":{"line":205,"column":0},"end":{"line":207,"column":0}},"73":{"start":{"line":206,"column":0},"end":{"line":null,"column":-1}},"74":{"start":{"line":211,"column":0},"end":{"line":null,"column":-1}},"75":{"start":{"line":210,"column":0},"end":{"line":209,"column":0}},"76":{"start":{"line":95,"column":0},"end":{"line":79,"column":0}}},"fnMap":{"0":{"name":"(anonymous_1)","decl":{"start":{"line":79,"column":0},"end":{"line":null,"column":-1}},"loc":{"start":{"line":79,"column":0},"end":{"line":213,"column":0}}},"1":{"name":"(anonymous_2)","decl":{"start":{"line":107,"column":0},"end":{"line":null,"column":-1}},"loc":{"start":{"line":107,"column":0},"end":{"line":114,"column":0}}},"2":{"name":"(anonymous_3)","decl":{"start":{"line":111,"column":0},"end":{"line":null,"column":-1}},"loc":{"start":{"line":111,"column":0},"end":{"line":null,"column":-1}}},"3":{"name":"(anonymous_4)","decl":{"start":{"line":115,"column":0},"end":{"line":null,"column":-1}},"loc":{"start":{"line":115,"column":0},"end":{"line":119,"column":0}}},"4":{"name":"(anonymous_5)","decl":{"start":{"line":120,"column":0},"end":{"line":null,"column":-1}},"loc":{"start":{"line":120,"column":0},"end":{"line":131,"column":0}}},"5":{"name":"(anonymous_6)","decl":{"start":{"line":132,"column":0},"end":{"line":null,"column":-1}},"loc":{"start":{"line":132,"column":0},"end":{"line":143,"column":0}}},"6":{"name":"(anonymous_7)","decl":{"start":{"line":144,"column":0},"end":{"line":null,"column":-1}},"loc":{"start":{"line":144,"column":0},"end":{"line":152,"column":0}}},"7":{"name":"(anonymous_8)","decl":{"start":{"line":153,"column":0},"end":{"line":null,"column":-1}},"loc":{"start":{"line":153,"column":0},"end":{"line":160,"column":0}}},"8":{"name":"(anonymous_9)","decl":{"start":{"line":154,"column":0},"end":{"line":null,"column":-1}},"loc":{"start":{"line":154,"column":0},"end":{"line":159,"column":0}}},"9":{"name":"(anonymous_10)","decl":{"start":{"line":161,"column":0},"end":{"line":null,"column":-1}},"loc":{"start":{"line":161,"column":0},"end":{"line":165,"column":0}}},"10":{"name":"(anonymous_11)","decl":{"start":{"line":166,"column":0},"end":{"line":null,"column":-1}},"loc":{"start":{"line":166,"column":0},"end":{"line":168,"column":0}}},"11":{"name":"(anonymous_12)","decl":{"start":{"line":169,"column":0},"end":{"line":null,"column":-1}},"loc":{"start":{"line":169,"column":0},"end":{"line":171,"column":0}}},"12":{"name":"(anonymous_13)","decl":{"start":{"line":172,"column":0},"end":{"line":null,"column":-1}},"loc":{"start":{"line":172,"column":0},"end":{"line":179,"column":0}}},"13":{"name":"(anonymous_14)","decl":{"start":{"line":180,"column":0},"end":{"line":null,"column":-1}},"loc":{"start":{"line":180,"column":0},"end":{"line":185,"column":0}}},"14":{"name":"(anonymous_15)","decl":{"start":{"line":182,"column":0},"end":{"line":null,"column":-1}},"loc":{"start":{"line":182,"column":0},"end":{"line":184,"column":0}}},"15":{"name":"(anonymous_16)","decl":{"start":{"line":186,"column":0},"end":{"line":null,"column":-1}},"loc":{"start":{"line":186,"column":0},"end":{"line":191,"column":0}}},"16":{"name":"(anonymous_17)","decl":{"start":{"line":192,"column":0},"end":{"line":null,"column":-1}},"loc":{"start":{"line":192,"column":0},"end":{"line":196,"column":0}}},"17":{"name":"(anonymous_18)","decl":{"start":{"line":197,"column":0},"end":{"line":null,"column":-1}},"loc":{"start":{"line":197,"column":0},"end":{"line":201,"column":0}}},"18":{"name":"(anonymous_19)","decl":{"start":{"line":202,"column":0},"end":{"line":null,"column":-1}},"loc":{"start":{"line":202,"column":0},"end":{"line":208,"column":0}}},"19":{"name":"(anonymous_20)","decl":{"start":{"line":210,"column":0},"end":{"line":null,"column":-1}},"loc":{"start":{"line":210,"column":0},"end":{"line":212,"column":0}}}},"branchMap":{"0":{"loc":{"start":{"line":110,"column":0},"end":{"line":112,"column":0}},"type":"if","locations":[{"start":{"line":110,"column":0},"end":{"line":112,"column":0}},{"start":{"line":110,"column":0},"end":{"line":112,"column":0}}]},"1":{"loc":{"start":{"line":123,"column":0},"end":{"line":129,"column":0}},"type":"if","locations":[{"start":{"line":123,"column":0},"end":{"line":129,"column":0}},{"start":{"line":123,"column":0},"end":{"line":129,"column":0}}]},"2":{"loc":{"start":{"line":123,"column":0},"end":{"line":null,"column":-1}},"type":"binary-expr","locations":[{"start":{"line":123,"column":0},"end":{"line":null,"column":-1}},{"start":{"line":123,"column":0},"end":{"line":null,"column":-1}},{"start":{"line":123,"column":0},"end":{"line":null,"column":-1}}]},"3":{"loc":{"start":{"line":133,"column":0},"end":{"line":135,"column":0}},"type":"if","locations":[{"start":{"line":133,"column":0},"end":{"line":135,"column":0}},{"start":{"line":133,"column":0},"end":{"line":135,"column":0}}]},"4":{"loc":{"start":{"line":136,"column":0},"end":{"line":141,"column":0}},"type":"if","locations":[{"start":{"line":136,"column":0},"end":{"line":141,"column":0}},{"start":{"line":136,"column":0},"end":{"line":141,"column":0}}]},"5":{"loc":{"start":{"line":136,"column":0},"end":{"line":null,"column":-1}},"type":"binary-expr","locations":[{"start":{"line":136,"column":0},"end":{"line":null,"column":-1}},{"start":{"line":136,"column":0},"end":{"line":null,"column":-1}},{"start":{"line":136,"column":0},"end":{"line":null,"column":-1}},{"start":{"line":136,"column":0},"end":{"line":null,"column":-1}}]},"6":{"loc":{"start":{"line":156,"column":0},"end":{"line":158,"column":0}},"type":"if","locations":[{"start":{"line":156,"column":0},"end":{"line":158,"column":0}},{"start":{"line":156,"column":0},"end":{"line":158,"column":0}}]},"7":{"loc":{"start":{"line":173,"column":0},"end":{"line":178,"column":0}},"type":"if","locations":[{"start":{"line":173,"column":0},"end":{"line":178,"column":0}},{"start":{"line":173,"column":0},"end":{"line":178,"column":0}}]},"8":{"loc":{"start":{"line":175,"column":0},"end":{"line":177,"column":0}},"type":"if","locations":[{"start":{"line":175,"column":0},"end":{"line":177,"column":0}},{"start":{"line":175,"column":0},"end":{"line":177,"column":0}}]},"9":{"loc":{"start":{"line":187,"column":0},"end":{"line":190,"column":0}},"type":"if","locations":[{"start":{"line":187,"column":0},"end":{"line":190,"column":0}},{"start":{"line":187,"column":0},"end":{"line":190,"column":0}}]},"10":{"loc":{"start":{"line":187,"column":0},"end":{"line":null,"column":-1}},"type":"binary-expr","locations":[{"start":{"line":187,"column":0},"end":{"line":null,"column":-1}},{"start":{"line":187,"column":0},"end":{"line":null,"column":-1}}]},"11":{"loc":{"start":{"line":193,"column":0},"end":{"line":195,"column":0}},"type":"if","locations":[{"start":{"line":193,"column":0},"end":{"line":195,"column":0}},{"start":{"line":193,"column":0},"end":{"line":195,"column":0}}]},"12":{"loc":{"start":{"line":205,"column":0},"end":{"line":207,"column":0}},"type":"if","locations":[{"start":{"line":205,"column":0},"end":{"line":207,"column":0}},{"start":{"line":205,"column":0},"end":{"line":207,"column":0}}]}},"s":{"0":1,"1":1,"2":1,"3":1,"4":1,"5":1,"6":1,"7":0,"8":0,"9":0,"10":0,"11":0,"12":0,"13":0,"14":0,"15":0,"16":0,"17":0,"18":0,"19":0,"20":0,"21":0,"22":0,"23":0,"24":0,"25":0,"26":0,"27":0,"28":0,"29":0,"30":0,"31":0,"32":0,"33":0,"34":0,"35":0,"36":0,"37":0,"38":0,"39":0,"40":0,"41":0,"42":0,"43":0,"44":0,"45":0,"46":0,"47":0,"48":0,"49":0,"50":0,"51":0,"52":0,"53":0,"54":0,"55":0,"56":0,"57":0,"58":0,"59":0,"60":0,"61":0,"62":0,"63":0,"64":0,"65":0,"66":0,"67":0,"68":0,"69":0,"70":0,"71":0,"72":0,"73":0,"74":0,"75":1,"76":1},"f":{"0":0,"1":0,"2":0,"3":0,"4":0,"5":0,"6":0,"7":0,"8":0,"9":0,"10":0,"11":0,"12":0,"13":0,"14":0,"15":0,"16":0,"17":0,"18":0,"19":0},"b":{"0":[0,0],"1":[0,0],"2":[0,0,0],"3":[0,0],"4":[0,0],"5":[0,0,0,0],"6":[0,0],"7":[0,0],"8":[0,0],"9":[0,0],"10":[0,0],"11":[0,0],"12":[0,0]}}
,"C:\\Development\\code_projects\\monaco-notes\\src\\components\\TheSideBar.vue": {"path":"C:\\Development\\code_projects\\monaco-notes\\src\\components\\TheSideBar.vue","statementMap":{"0":{"start":{"line":93,"column":0},"end":{"line":null,"column":-1}},"1":{"start":{"line":94,"column":0},"end":{"line":null,"column":-1}},"2":{"start":{"line":96,"column":0},"end":{"line":null,"column":-1}},"3":{"start":{"line":110,"column":0},"end":{"line":null,"column":-1}},"4":{"start":{"line":111,"column":0},"end":{"line":null,"column":-1}},"5":{"start":{"line":112,"column":0},"end":{"line":null,"column":-1}},"6":{"start":{"line":113,"column":0},"end":{"line":null,"column":-1}},"7":{"start":{"line":115,"column":0},"end":{"line":null,"column":-1}},"8":{"start":{"line":116,"column":0},"end":{"line":null,"column":-1}},"9":{"start":{"line":117,"column":0},"end":{"line":null,"column":-1}},"10":{"start":{"line":118,"column":0},"end":{"line":122,"column":0}},"11":{"start":{"line":119,"column":0},"end":{"line":null,"column":-1}},"12":{"start":{"line":123,"column":0},"end":{"line":127,"column":0}},"13":{"start":{"line":124,"column":0},"end":{"line":null,"column":-1}},"14":{"start":{"line":128,"column":0},"end":{"line":null,"column":-1}},"15":{"start":{"line":131,"column":0},"end":{"line":134,"column":0}},"16":{"start":{"line":132,"column":0},"end":{"line":null,"column":-1}},"17":{"start":{"line":133,"column":0},"end":{"line":null,"column":-1}},"18":{"start":{"line":137,"column":0},"end":{"line":null,"column":-1}},"19":{"start":{"line":138,"column":0},"end":{"line":null,"column":-1}},"20":{"start":{"line":141,"column":0},"end":{"line":null,"column":-1}},"21":{"start":{"line":145,"column":0},"end":{"line":148,"column":0}},"22":{"start":{"line":146,"column":0},"end":{"line":null,"column":-1}},"23":{"start":{"line":147,"column":0},"end":{"line":null,"column":-1}},"24":{"start":{"line":152,"column":0},"end":{"line":155,"column":0}},"25":{"start":{"line":153,"column":0},"end":{"line":null,"column":-1}},"26":{"start":{"line":154,"column":0},"end":{"line":null,"column":-1}},"27":{"start":{"line":158,"column":0},"end":{"line":null,"column":-1}},"28":{"start":{"line":159,"column":0},"end":{"line":null,"column":-1}},"29":{"start":{"line":160,"column":0},"end":{"line":null,"column":-1}},"30":{"start":{"line":163,"column":0},"end":{"line":null,"column":-1}},"31":{"start":{"line":164,"column":0},"end":{"line":null,"column":-1}},"32":{"start":{"line":144,"column":0},"end":{"line":143,"column":0}},"33":{"start":{"line":151,"column":0},"end":{"line":150,"column":0}},"34":{"start":{"line":110,"column":0},"end":{"line":99,"column":0}}},"fnMap":{"0":{"name":"(anonymous_1)","decl":{"start":{"line":99,"column":0},"end":{"line":null,"column":-1}},"loc":{"start":{"line":99,"column":0},"end":{"line":166,"column":0}}},"1":{"name":"(anonymous_2)","decl":{"start":{"line":114,"column":0},"end":{"line":null,"column":-1}},"loc":{"start":{"line":114,"column":0},"end":{"line":129,"column":0}}},"2":{"name":"(anonymous_3)","decl":{"start":{"line":130,"column":0},"end":{"line":null,"column":-1}},"loc":{"start":{"line":130,"column":0},"end":{"line":135,"column":0}}},"3":{"name":"(anonymous_4)","decl":{"start":{"line":136,"column":0},"end":{"line":null,"column":-1}},"loc":{"start":{"line":136,"column":0},"end":{"line":139,"column":0}}},"4":{"name":"(anonymous_5)","decl":{"start":{"line":140,"column":0},"end":{"line":null,"column":-1}},"loc":{"start":{"line":140,"column":0},"end":{"line":142,"column":0}}},"5":{"name":"(anonymous_6)","decl":{"start":{"line":144,"column":0},"end":{"line":null,"column":-1}},"loc":{"start":{"line":144,"column":0},"end":{"line":149,"column":0}}},"6":{"name":"(anonymous_7)","decl":{"start":{"line":151,"column":0},"end":{"line":null,"column":-1}},"loc":{"start":{"line":151,"column":0},"end":{"line":156,"column":0}}},"7":{"name":"(anonymous_8)","decl":{"start":{"line":157,"column":0},"end":{"line":null,"column":-1}},"loc":{"start":{"line":157,"column":0},"end":{"line":161,"column":0}}},"8":{"name":"(anonymous_9)","decl":{"start":{"line":162,"column":0},"end":{"line":null,"column":-1}},"loc":{"start":{"line":162,"column":0},"end":{"line":165,"column":0}}}},"branchMap":{"0":{"loc":{"start":{"line":118,"column":0},"end":{"line":122,"column":0}},"type":"if","locations":[{"start":{"line":118,"column":0},"end":{"line":122,"column":0}},{"start":{"line":118,"column":0},"end":{"line":122,"column":0}}]},"1":{"loc":{"start":{"line":123,"column":0},"end":{"line":127,"column":0}},"type":"if","locations":[{"start":{"line":123,"column":0},"end":{"line":127,"column":0}},{"start":{"line":123,"column":0},"end":{"line":127,"column":0}}]},"2":{"loc":{"start":{"line":131,"column":0},"end":{"line":134,"column":0}},"type":"if","locations":[{"start":{"line":131,"column":0},"end":{"line":134,"column":0}},{"start":{"line":131,"column":0},"end":{"line":134,"column":0}}]},"3":{"loc":{"start":{"line":145,"column":0},"end":{"line":148,"column":0}},"type":"if","locations":[{"start":{"line":145,"column":0},"end":{"line":148,"column":0}},{"start":{"line":145,"column":0},"end":{"line":148,"column":0}}]},"4":{"loc":{"start":{"line":152,"column":0},"end":{"line":155,"column":0}},"type":"if","locations":[{"start":{"line":152,"column":0},"end":{"line":155,"column":0}},{"start":{"line":152,"column":0},"end":{"line":155,"column":0}}]}},"s":{"0":1,"1":1,"2":1,"3":1,"4":0,"5":0,"6":0,"7":0,"8":0,"9":0,"10":0,"11":0,"12":0,"13":0,"14":0,"15":0,"16":0,"17":0,"18":0,"19":0,"20":0,"21":0,"22":0,"23":0,"24":0,"25":0,"26":0,"27":0,"28":0,"29":0,"30":0,"31":0,"32":1,"33":1,"34":1},"f":{"0":0,"1":0,"2":0,"3":0,"4":0,"5":0,"6":0,"7":0,"8":0},"b":{"0":[0,0],"1":[0,0],"2":[0,0],"3":[0,0],"4":[0,0]}}
,"C:\\Development\\code_projects\\monaco-notes\\src\\components\\TheToolBar.vue": {"path":"C:\\Development\\code_projects\\monaco-notes\\src\\components\\TheToolBar.vue","statementMap":{"0":{"start":{"line":14,"column":0},"end":{"line":null,"column":-1}},"1":{"start":{"line":15,"column":0},"end":{"line":null,"column":-1}},"2":{"start":{"line":22,"column":0},"end":{"line":null,"column":-1}},"3":{"start":{"line":22,"column":0},"end":{"line":16,"column":0}}},"fnMap":{},"branchMap":{},"s":{"0":2,"1":2,"2":2,"3":2},"f":{},"b":{}}
,"C:\\Development\\code_projects\\monaco-notes\\src\\utils\\orm.models.ts": {"path":"C:\\Development\\code_projects\\monaco-notes\\src\\utils\\orm.models.ts","statementMap":{"0":{"start":{"line":3,"column":13},"end":{"line":3,"column":50}},"1":{"start":{"line":4,"column":13},"end":{"line":6,"column":16}},"2":{"start":{"line":8,"column":0},"end":{"line":8,"column":39}},"3":{"start":{"line":8,"column":22},"end":{"line":8,"column":26}},"4":{"start":{"line":8,"column":28},"end":{"line":8,"column":32}},"5":{"start":{"line":8,"column":34},"end":{"line":8,"column":38}}},"fnMap":{"0":{"name":"(anonymous_0)","decl":{"start":{"line":8,"column":0},"end":{"line":8,"column":11}},"loc":{"start":{"line":8,"column":20},"end":{"line":8,"column":39}}}},"branchMap":{"0":{"loc":{"start":{"line":8,"column":12},"end":{"line":8,"column":20}},"type":"binary-expr","locations":[{"start":{"line":8,"column":12},"end":{"line":8,"column":20}},{"start":{"line":8,"column":12},"end":{"line":8,"column":20}}]}},"s":{"0":1,"1":1,"2":1,"3":1,"4":1,"5":1},"f":{"0":1},"b":{"0":[1,1]}}
,"C:\\Development\\code_projects\\monaco-notes\\src\\utils\\indexedDB\\notesStorage.ts": {"path":"C:\\Development\\code_projects\\monaco-notes\\src\\utils\\indexedDB\\notesStorage.ts","statementMap":{"0":{"start":{"line":2,"column":0},"end":{"line":2,"column":63}},"1":{"start":{"line":4,"column":24},"end":{"line":4,"column":35}},"2":{"start":{"line":11,"column":2},"end":{"line":11,"column":40}},"3":{"start":{"line":15,"column":2},"end":{"line":32,"column":5}},"4":{"start":{"line":16,"column":4},"end":{"line":31,"column":5}},"5":{"start":{"line":17,"column":22},"end":{"line":17,"column":76}},"6":{"start":{"line":18,"column":6},"end":{"line":28,"column":7}},"7":{"start":{"line":19,"column":8},"end":{"line":21,"column":10}},"8":{"start":{"line":20,"column":10},"end":{"line":20,"column":67}},"9":{"start":{"line":22,"column":8},"end":{"line":24,"column":10}},"10":{"start":{"line":23,"column":10},"end":{"line":23,"column":74}},"11":{"start":{"line":25,"column":8},"end":{"line":27,"column":10}},"12":{"start":{"line":26,"column":10},"end":{"line":26,"column":85}},"13":{"start":{"line":30,"column":6},"end":{"line":30,"column":67}},"14":{"start":{"line":14,"column":0},"end":{"line":33,"column":1}},"15":{"start":{"line":36,"column":25},"end":{"line":39,"column":4}},"16":{"start":{"line":40,"column":2},"end":{"line":40,"column":64}},"17":{"start":{"line":41,"column":21},"end":{"line":44,"column":4}},"18":{"start":{"line":45,"column":2},"end":{"line":45,"column":60}},"19":{"start":{"line":46,"column":18},"end":{"line":49,"column":4}},"20":{"start":{"line":50,"column":2},"end":{"line":50,"column":57}},"21":{"start":{"line":51,"column":2},"end":{"line":51,"column":53}},"22":{"start":{"line":55,"column":13},"end":{"line":55,"column":30}},"23":{"start":{"line":56,"column":2},"end":{"line":58,"column":3}},"24":{"start":{"line":57,"column":4},"end":{"line":57,"column":11}},"25":{"start":{"line":59,"column":18},"end":{"line":62,"column":18}},"26":{"start":{"line":63,"column":2},"end":{"line":65,"column":4}},"27":{"start":{"line":64,"column":4},"end":{"line":64,"column":53}},"28":{"start":{"line":54,"column":0},"end":{"line":66,"column":1}},"29":{"start":{"line":69,"column":13},"end":{"line":69,"column":30}},"30":{"start":{"line":70,"column":15},"end":{"line":70,"column":69}},"31":{"start":{"line":71,"column":2},"end":{"line":71,"column":14}},"32":{"start":{"line":68,"column":0},"end":{"line":72,"column":1}},"33":{"start":{"line":75,"column":13},"end":{"line":75,"column":30}},"34":{"start":{"line":76,"column":15},"end":{"line":76,"column":61}},"35":{"start":{"line":77,"column":2},"end":{"line":77,"column":14}},"36":{"start":{"line":74,"column":0},"end":{"line":78,"column":1}},"37":{"start":{"line":81,"column":13},"end":{"line":81,"column":30}},"38":{"start":{"line":82,"column":15},"end":{"line":82,"column":63}},"39":{"start":{"line":83,"column":2},"end":{"line":83,"column":14}},"40":{"start":{"line":80,"column":0},"end":{"line":84,"column":1}},"41":{"start":{"line":87,"column":13},"end":{"line":87,"column":30}},"42":{"start":{"line":88,"column":16},"end":{"line":88,"column":56}},"43":{"start":{"line":89,"column":2},"end":{"line":89,"column":14}},"44":{"start":{"line":86,"column":0},"end":{"line":90,"column":1}},"45":{"start":{"line":93,"column":13},"end":{"line":93,"column":30}},"46":{"start":{"line":94,"column":16},"end":{"line":94,"column":52}},"47":{"start":{"line":95,"column":2},"end":{"line":95,"column":14}},"48":{"start":{"line":92,"column":0},"end":{"line":96,"column":1}},"49":{"start":{"line":99,"column":2},"end":{"line":108,"column":5}},"50":{"start":{"line":100,"column":20},"end":{"line":101,"column":35}},"51":{"start":{"line":102,"column":4},"end":{"line":104,"column":6}},"52":{"start":{"line":103,"column":6},"end":{"line":103,"column":62}},"53":{"start":{"line":105,"column":4},"end":{"line":107,"column":6}},"54":{"start":{"line":106,"column":6},"end":{"line":106,"column":67}},"55":{"start":{"line":98,"column":0},"end":{"line":109,"column":1}},"56":{"start":{"line":112,"column":2},"end":{"line":121,"column":5}},"57":{"start":{"line":113,"column":20},"end":{"line":114,"column":39}},"58":{"start":{"line":115,"column":4},"end":{"line":117,"column":6}},"59":{"start":{"line":116,"column":6},"end":{"line":116,"column":62}},"60":{"start":{"line":118,"column":4},"end":{"line":120,"column":6}},"61":{"start":{"line":119,"column":6},"end":{"line":119,"column":67}},"62":{"start":{"line":111,"column":0},"end":{"line":122,"column":1}},"63":{"start":{"line":125,"column":13},"end":{"line":125,"column":30}},"64":{"start":{"line":126,"column":15},"end":{"line":135,"column":4}},"65":{"start":{"line":127,"column":20},"end":{"line":128,"column":31}},"66":{"start":{"line":129,"column":4},"end":{"line":131,"column":6}},"67":{"start":{"line":130,"column":6},"end":{"line":130,"column":62}},"68":{"start":{"line":132,"column":4},"end":{"line":134,"column":6}},"69":{"start":{"line":133,"column":6},"end":{"line":133,"column":95}},"70":{"start":{"line":136,"column":2},"end":{"line":136,"column":14}},"71":{"start":{"line":124,"column":0},"end":{"line":137,"column":1}},"72":{"start":{"line":140,"column":15},"end":{"line":140,"column":32}},"73":{"start":{"line":141,"column":17},"end":{"line":153,"column":6}},"74":{"start":{"line":142,"column":22},"end":{"line":145,"column":18}},"75":{"start":{"line":146,"column":6},"end":{"line":149,"column":8}},"76":{"start":{"line":147,"column":24},"end":{"line":147,"column":69}},"77":{"start":{"line":148,"column":8},"end":{"line":148,"column":24}},"78":{"start":{"line":150,"column":6},"end":{"line":152,"column":8}},"79":{"start":{"line":151,"column":8},"end":{"line":151,"column":96}},"80":{"start":{"line":139,"column":0},"end":{"line":154,"column":1}},"81":{"start":{"line":157,"column":15},"end":{"line":157,"column":56}},"82":{"start":{"line":158,"column":2},"end":{"line":158,"column":28}},"83":{"start":{"line":156,"column":0},"end":{"line":159,"column":1}},"84":{"start":{"line":162,"column":4},"end":{"line":191,"column":7}},"85":{"start":{"line":163,"column":31},"end":{"line":163,"column":79}},"86":{"start":{"line":164,"column":8},"end":{"line":190,"column":9}},"87":{"start":{"line":165,"column":12},"end":{"line":175,"column":14}},"88":{"start":{"line":176,"column":12},"end":{"line":189,"column":15}},"89":{"start":{"line":177,"column":16},"end":{"line":188,"column":18}},"90":{"start":{"line":161,"column":0},"end":{"line":192,"column":1}},"91":{"start":{"line":195,"column":16},"end":{"line":195,"column":54}},"92":{"start":{"line":196,"column":2},"end":{"line":202,"column":4}},"93":{"start":{"line":194,"column":0},"end":{"line":203,"column":1}},"94":{"start":{"line":206,"column":13},"end":{"line":206,"column":30}},"95":{"start":{"line":207,"column":18},"end":{"line":214,"column":4}},"96":{"start":{"line":208,"column":24},"end":{"line":209,"column":45}},"97":{"start":{"line":210,"column":4},"end":{"line":210,"column":48}},"98":{"start":{"line":210,"column":34},"end":{"line":210,"column":47}},"99":{"start":{"line":211,"column":4},"end":{"line":213,"column":6}},"100":{"start":{"line":212,"column":6},"end":{"line":212,"column":91}},"101":{"start":{"line":215,"column":2},"end":{"line":215,"column":17}},"102":{"start":{"line":205,"column":0},"end":{"line":216,"column":1}},"103":{"start":{"line":219,"column":23},"end":{"line":219,"column":57}},"104":{"start":{"line":220,"column":2},"end":{"line":224,"column":3}},"105":{"start":{"line":221,"column":4},"end":{"line":221,"column":29}},"106":{"start":{"line":223,"column":4},"end":{"line":223,"column":35}},"107":{"start":{"line":218,"column":0},"end":{"line":225,"column":1}},"108":{"start":{"line":228,"column":13},"end":{"line":228,"column":30}},"109":{"start":{"line":229,"column":18},"end":{"line":245,"column":4}},"110":{"start":{"line":230,"column":24},"end":{"line":230,"column":83}},"111":{"start":{"line":231,"column":20},"end":{"line":231,"column":50}},"112":{"start":{"line":232,"column":20},"end":{"line":234,"column":5}},"113":{"start":{"line":233,"column":6},"end":{"line":233,"column":83}},"114":{"start":{"line":235,"column":4},"end":{"line":235,"column":30}},"115":{"start":{"line":236,"column":4},"end":{"line":244,"column":6}},"116":{"start":{"line":237,"column":26},"end":{"line":237,"column":72}},"117":{"start":{"line":238,"column":26},"end":{"line":238,"column":61}},"118":{"start":{"line":239,"column":28},"end":{"line":239,"column":56}},"119":{"start":{"line":240,"column":6},"end":{"line":240,"column":38}},"120":{"start":{"line":241,"column":6},"end":{"line":243,"column":8}},"121":{"start":{"line":242,"column":8},"end":{"line":242,"column":22}},"122":{"start":{"line":246,"column":2},"end":{"line":246,"column":17}},"123":{"start":{"line":227,"column":0},"end":{"line":247,"column":1}},"124":{"start":{"line":250,"column":13},"end":{"line":250,"column":30}},"125":{"start":{"line":251,"column":18},"end":{"line":258,"column":4}},"126":{"start":{"line":252,"column":24},"end":{"line":253,"column":36}},"127":{"start":{"line":254,"column":4},"end":{"line":254,"column":48}},"128":{"start":{"line":254,"column":34},"end":{"line":254,"column":47}},"129":{"start":{"line":255,"column":4},"end":{"line":257,"column":6}},"130":{"start":{"line":256,"column":6},"end":{"line":256,"column":82}},"131":{"start":{"line":259,"column":2},"end":{"line":259,"column":17}},"132":{"start":{"line":249,"column":0},"end":{"line":260,"column":1}},"133":{"start":{"line":263,"column":13},"end":{"line":263,"column":30}},"134":{"start":{"line":264,"column":15},"end":{"line":276,"column":4}},"135":{"start":{"line":265,"column":20},"end":{"line":268,"column":16}},"136":{"start":{"line":269,"column":4},"end":{"line":272,"column":6}},"137":{"start":{"line":270,"column":22},"end":{"line":270,"column":67}},"138":{"start":{"line":271,"column":6},"end":{"line":271,"column":20}},"139":{"start":{"line":273,"column":4},"end":{"line":275,"column":6}},"140":{"start":{"line":274,"column":5},"end":{"line":274,"column":94}},"141":{"start":{"line":262,"column":0},"end":{"line":277,"column":1}}},"fnMap":{"0":{"name":"isAvailableIndexedDb","decl":{"start":{"line":10,"column":9},"end":{"line":10,"column":29}},"loc":{"start":{"line":10,"column":29},"end":{"line":12,"column":1}}},"1":{"name":"getMainDb","decl":{"start":{"line":14,"column":16},"end":{"line":14,"column":25}},"loc":{"start":{"line":14,"column":25},"end":{"line":33,"column":1}}},"2":{"name":"(anonymous_2)","decl":{"start":{"line":15,"column":21},"end":{"line":15,"column":22}},"loc":{"start":{"line":15,"column":41},"end":{"line":32,"column":3}}},"3":{"name":"(anonymous_3)","decl":{"start":{"line":19,"column":26},"end":{"line":19,"column":27}},"loc":{"start":{"line":19,"column":40},"end":{"line":21,"column":9}}},"4":{"name":"(anonymous_4)","decl":{"start":{"line":22,"column":28},"end":{"line":22,"column":29}},"loc":{"start":{"line":22,"column":42},"end":{"line":24,"column":9}}},"5":{"name":"(anonymous_5)","decl":{"start":{"line":25,"column":34},"end":{"line":25,"column":35}},"loc":{"start":{"line":25,"column":48},"end":{"line":27,"column":9}}},"6":{"name":"createObjectStores","decl":{"start":{"line":35,"column":9},"end":{"line":35,"column":27}},"loc":{"start":{"line":35,"column":43},"end":{"line":52,"column":1}}},"7":{"name":"saveNotebookToStore","decl":{"start":{"line":54,"column":22},"end":{"line":54,"column":41}},"loc":{"start":{"line":54,"column":60},"end":{"line":66,"column":1}}},"8":{"name":"(anonymous_8)","decl":{"start":{"line":63,"column":20},"end":{"line":63,"column":21}},"loc":{"start":{"line":63,"column":34},"end":{"line":65,"column":3}}},"9":{"name":"getAllNotebooks","decl":{"start":{"line":68,"column":22},"end":{"line":68,"column":37}},"loc":{"start":{"line":68,"column":37},"end":{"line":72,"column":1}}},"10":{"name":"getAllNotes","decl":{"start":{"line":74,"column":22},"end":{"line":74,"column":33}},"loc":{"start":{"line":74,"column":33},"end":{"line":78,"column":1}}},"11":{"name":"getAllRecycleNotes","decl":{"start":{"line":80,"column":22},"end":{"line":80,"column":40}},"loc":{"start":{"line":80,"column":40},"end":{"line":84,"column":1}}},"12":{"name":"getAllNotebookKeys","decl":{"start":{"line":86,"column":22},"end":{"line":86,"column":40}},"loc":{"start":{"line":86,"column":40},"end":{"line":90,"column":1}}},"13":{"name":"getAllNoteKeys","decl":{"start":{"line":92,"column":22},"end":{"line":92,"column":36}},"loc":{"start":{"line":92,"column":36},"end":{"line":96,"column":1}}},"14":{"name":"getAllDataFromIDB","decl":{"start":{"line":98,"column":16},"end":{"line":98,"column":33}},"loc":{"start":{"line":98,"column":67},"end":{"line":109,"column":1}}},"15":{"name":"(anonymous_15)","decl":{"start":{"line":99,"column":21},"end":{"line":99,"column":22}},"loc":{"start":{"line":99,"column":41},"end":{"line":108,"column":3}}},"16":{"name":"(anonymous_16)","decl":{"start":{"line":102,"column":24},"end":{"line":102,"column":25}},"loc":{"start":{"line":102,"column":38},"end":{"line":104,"column":5}}},"17":{"name":"(anonymous_17)","decl":{"start":{"line":105,"column":22},"end":{"line":105,"column":23}},"loc":{"start":{"line":105,"column":36},"end":{"line":107,"column":5}}},"18":{"name":"getAllKeysFromIDB","decl":{"start":{"line":111,"column":16},"end":{"line":111,"column":33}},"loc":{"start":{"line":111,"column":67},"end":{"line":122,"column":1}}},"19":{"name":"(anonymous_19)","decl":{"start":{"line":112,"column":21},"end":{"line":112,"column":22}},"loc":{"start":{"line":112,"column":41},"end":{"line":121,"column":3}}},"20":{"name":"(anonymous_20)","decl":{"start":{"line":115,"column":24},"end":{"line":115,"column":25}},"loc":{"start":{"line":115,"column":38},"end":{"line":117,"column":5}}},"21":{"name":"(anonymous_21)","decl":{"start":{"line":118,"column":22},"end":{"line":118,"column":23}},"loc":{"start":{"line":118,"column":36},"end":{"line":120,"column":5}}},"22":{"name":"getItemFromStore","decl":{"start":{"line":124,"column":22},"end":{"line":124,"column":38}},"loc":{"start":{"line":124,"column":73},"end":{"line":137,"column":1}}},"23":{"name":"(anonymous_23)","decl":{"start":{"line":126,"column":33},"end":{"line":126,"column":34}},"loc":{"start":{"line":126,"column":53},"end":{"line":135,"column":3}}},"24":{"name":"(anonymous_24)","decl":{"start":{"line":129,"column":24},"end":{"line":129,"column":25}},"loc":{"start":{"line":129,"column":38},"end":{"line":131,"column":5}}},"25":{"name":"(anonymous_25)","decl":{"start":{"line":132,"column":22},"end":{"line":132,"column":23}},"loc":{"start":{"line":132,"column":36},"end":{"line":134,"column":5}}},"26":{"name":"saveItemToStore","decl":{"start":{"line":139,"column":22},"end":{"line":139,"column":37}},"loc":{"start":{"line":139,"column":74},"end":{"line":154,"column":1}}},"27":{"name":"(anonymous_27)","decl":{"start":{"line":141,"column":35},"end":{"line":141,"column":36}},"loc":{"start":{"line":141,"column":55},"end":{"line":153,"column":5}}},"28":{"name":"(anonymous_28)","decl":{"start":{"line":146,"column":26},"end":{"line":146,"column":27}},"loc":{"start":{"line":146,"column":40},"end":{"line":149,"column":7}}},"29":{"name":"(anonymous_29)","decl":{"start":{"line":150,"column":24},"end":{"line":150,"column":25}},"loc":{"start":{"line":150,"column":38},"end":{"line":152,"column":7}}},"30":{"name":"notebookIsUnique","decl":{"start":{"line":156,"column":22},"end":{"line":156,"column":38}},"loc":{"start":{"line":156,"column":51},"end":{"line":159,"column":1}}},"31":{"name":"functionSaveTestMockupToStore","decl":{"start":{"line":161,"column":16},"end":{"line":161,"column":45}},"loc":{"start":{"line":161,"column":45},"end":{"line":192,"column":1}}},"32":{"name":"(anonymous_32)","decl":{"start":{"line":162,"column":22},"end":{"line":162,"column":26}},"loc":{"start":{"line":162,"column":41},"end":{"line":191,"column":5}}},"33":{"name":"(anonymous_33)","decl":{"start":{"line":176,"column":38},"end":{"line":176,"column":39}},"loc":{"start":{"line":176,"column":47},"end":{"line":189,"column":13}}},"34":{"name":"createNewNotebookFromString","decl":{"start":{"line":194,"column":22},"end":{"line":194,"column":49}},"loc":{"start":{"line":194,"column":62},"end":{"line":203,"column":1}}},"35":{"name":"deleteNotebookFromStore","decl":{"start":{"line":205,"column":22},"end":{"line":205,"column":45}},"loc":{"start":{"line":205,"column":60},"end":{"line":216,"column":1}}},"36":{"name":"(anonymous_36)","decl":{"start":{"line":207,"column":36},"end":{"line":207,"column":37}},"loc":{"start":{"line":207,"column":56},"end":{"line":214,"column":3}}},"37":{"name":"(anonymous_37)","decl":{"start":{"line":210,"column":28},"end":{"line":210,"column":30}},"loc":{"start":{"line":210,"column":34},"end":{"line":210,"column":47}}},"38":{"name":"(anonymous_38)","decl":{"start":{"line":211,"column":48},"end":{"line":211,"column":49}},"loc":{"start":{"line":211,"column":62},"end":{"line":213,"column":5}}},"39":{"name":"saveNoteToStore","decl":{"start":{"line":218,"column":22},"end":{"line":218,"column":37}},"loc":{"start":{"line":218,"column":48},"end":{"line":225,"column":1}}},"40":{"name":"updateExistingNote","decl":{"start":{"line":227,"column":22},"end":{"line":227,"column":40}},"loc":{"start":{"line":227,"column":51},"end":{"line":247,"column":1}}},"41":{"name":"(anonymous_41)","decl":{"start":{"line":229,"column":36},"end":{"line":229,"column":37}},"loc":{"start":{"line":229,"column":56},"end":{"line":245,"column":3}}},"42":{"name":"(anonymous_42)","decl":{"start":{"line":232,"column":20},"end":{"line":232,"column":21}},"loc":{"start":{"line":232,"column":34},"end":{"line":234,"column":5}}},"43":{"name":"(anonymous_43)","decl":{"start":{"line":236,"column":24},"end":{"line":236,"column":25}},"loc":{"start":{"line":236,"column":38},"end":{"line":244,"column":5}}},"44":{"name":"(anonymous_44)","decl":{"start":{"line":241,"column":32},"end":{"line":241,"column":33}},"loc":{"start":{"line":241,"column":52},"end":{"line":243,"column":7}}},"45":{"name":"deleteExistingNote","decl":{"start":{"line":249,"column":22},"end":{"line":249,"column":40}},"loc":{"start":{"line":249,"column":51},"end":{"line":260,"column":1}}},"46":{"name":"(anonymous_46)","decl":{"start":{"line":251,"column":36},"end":{"line":251,"column":37}},"loc":{"start":{"line":251,"column":56},"end":{"line":258,"column":3}}},"47":{"name":"(anonymous_47)","decl":{"start":{"line":254,"column":28},"end":{"line":254,"column":30}},"loc":{"start":{"line":254,"column":34},"end":{"line":254,"column":47}}},"48":{"name":"(anonymous_48)","decl":{"start":{"line":255,"column":48},"end":{"line":255,"column":49}},"loc":{"start":{"line":255,"column":62},"end":{"line":257,"column":5}}},"49":{"name":"moveNoteToRecycleBin","decl":{"start":{"line":262,"column":22},"end":{"line":262,"column":42}},"loc":{"start":{"line":262,"column":53},"end":{"line":277,"column":1}}},"50":{"name":"(anonymous_50)","decl":{"start":{"line":264,"column":33},"end":{"line":264,"column":34}},"loc":{"start":{"line":264,"column":53},"end":{"line":276,"column":3}}},"51":{"name":"(anonymous_51)","decl":{"start":{"line":269,"column":24},"end":{"line":269,"column":25}},"loc":{"start":{"line":269,"column":38},"end":{"line":272,"column":5}}},"52":{"name":"(anonymous_52)","decl":{"start":{"line":273,"column":22},"end":{"line":273,"column":23}},"loc":{"start":{"line":273,"column":36},"end":{"line":275,"column":5}}}},"branchMap":{"0":{"loc":{"start":{"line":16,"column":4},"end":{"line":31,"column":5}},"type":"if","locations":[{"start":{"line":16,"column":4},"end":{"line":31,"column":5}},{"start":{"line":16,"column":4},"end":{"line":31,"column":5}}]},"1":{"loc":{"start":{"line":18,"column":6},"end":{"line":28,"column":7}},"type":"if","locations":[{"start":{"line":18,"column":6},"end":{"line":28,"column":7}},{"start":{"line":18,"column":6},"end":{"line":28,"column":7}}]},"2":{"loc":{"start":{"line":56,"column":2},"end":{"line":58,"column":3}},"type":"if","locations":[{"start":{"line":56,"column":2},"end":{"line":58,"column":3}},{"start":{"line":56,"column":2},"end":{"line":58,"column":3}}]},"3":{"loc":{"start":{"line":164,"column":8},"end":{"line":190,"column":9}},"type":"if","locations":[{"start":{"line":164,"column":8},"end":{"line":190,"column":9}},{"start":{"line":164,"column":8},"end":{"line":190,"column":9}}]},"4":{"loc":{"start":{"line":220,"column":2},"end":{"line":224,"column":3}},"type":"if","locations":[{"start":{"line":220,"column":2},"end":{"line":224,"column":3}},{"start":{"line":220,"column":2},"end":{"line":224,"column":3}}]}},"s":{"0":1,"1":1,"2":0,"3":0,"4":0,"5":0,"6":0,"7":0,"8":0,"9":0,"10":0,"11":0,"12":0,"13":0,"14":1,"15":0,"16":0,"17":0,"18":0,"19":0,"20":0,"21":0,"22":0,"23":0,"24":0,"25":0,"26":0,"27":0,"28":1,"29":0,"30":0,"31":0,"32":1,"33":0,"34":0,"35":0,"36":1,"37":0,"38":0,"39":0,"40":1,"41":0,"42":0,"43":0,"44":1,"45":0,"46":0,"47":0,"48":1,"49":0,"50":0,"51":0,"52":0,"53":0,"54":0,"55":1,"56":0,"57":0,"58":0,"59":0,"60":0,"61":0,"62":1,"63":0,"64":0,"65":0,"66":0,"67":0,"68":0,"69":0,"70":0,"71":1,"72":0,"73":0,"74":0,"75":0,"76":0,"77":0,"78":0,"79":0,"80":1,"81":0,"82":0,"83":1,"84":0,"85":0,"86":0,"87":0,"88":0,"89":0,"90":1,"91":0,"92":0,"93":1,"94":0,"95":0,"96":0,"97":0,"98":0,"99":0,"100":0,"101":0,"102":1,"103":0,"104":0,"105":0,"106":0,"107":1,"108":0,"109":0,"110":0,"111":0,"112":0,"113":0,"114":0,"115":0,"116":0,"117":0,"118":0,"119":0,"120":0,"121":0,"122":0,"123":1,"124":0,"125":0,"126":0,"127":0,"128":0,"129":0,"130":0,"131":0,"132":1,"133":0,"134":0,"135":0,"136":0,"137":0,"138":0,"139":0,"140":0,"141":1},"f":{"0":0,"1":0,"2":0,"3":0,"4":0,"5":0,"6":0,"7":0,"8":0,"9":0,"10":0,"11":0,"12":0,"13":0,"14":0,"15":0,"16":0,"17":0,"18":0,"19":0,"20":0,"21":0,"22":0,"23":0,"24":0,"25":0,"26":0,"27":0,"28":0,"29":0,"30":0,"31":0,"32":0,"33":0,"34":0,"35":0,"36":0,"37":0,"38":0,"39":0,"40":0,"41":0,"42":0,"43":0,"44":0,"45":0,"46":0,"47":0,"48":0,"49":0,"50":0,"51":0,"52":0},"b":{"0":[0,0],"1":[0,0],"2":[0,0],"3":[0,0],"4":[0,0]}}
,"C:\\Development\\code_projects\\monaco-notes\\src\\utils\\monaco\\monaco.helpers.ts": {"path":"C:\\Development\\code_projects\\monaco-notes\\src\\utils\\monaco\\monaco.helpers.ts","statementMap":{"0":{"start":{"line":1,"column":0},"end":{"line":1,"column":39}},"1":{"start":{"line":5,"column":3},"end":{"line":21,"column":4}},"2":{"start":{"line":7,"column":6},"end":{"line":9,"column":7}},"3":{"start":{"line":8,"column":8},"end":{"line":8,"column":41}},"4":{"start":{"line":10,"column":6},"end":{"line":12,"column":7}},"5":{"start":{"line":11,"column":8},"end":{"line":11,"column":40}},"6":{"start":{"line":13,"column":6},"end":{"line":15,"column":7}},"7":{"start":{"line":14,"column":8},"end":{"line":14,"column":41}},"8":{"start":{"line":16,"column":6},"end":{"line":18,"column":7}},"9":{"start":{"line":17,"column":8},"end":{"line":17,"column":39}},"10":{"start":{"line":19,"column":6},"end":{"line":19,"column":41}},"11":{"start":{"line":25,"column":2},"end":{"line":25,"column":26}},"12":{"start":{"line":26,"column":24},"end":{"line":26,"column":57}},"13":{"start":{"line":28,"column":2},"end":{"line":45,"column":3}},"14":{"start":{"line":29,"column":4},"end":{"line":42,"column":7}},"15":{"start":{"line":44,"column":4},"end":{"line":44,"column":79}},"16":{"start":{"line":46,"column":2},"end":{"line":46,"column":22}},"17":{"start":{"line":24,"column":0},"end":{"line":47,"column":1}},"18":{"start":{"line":50,"column":4},"end":{"line":50,"column":60}},"19":{"start":{"line":50,"column":54},"end":{"line":50,"column":58}},"20":{"start":{"line":49,"column":0},"end":{"line":51,"column":1}}},"fnMap":{"0":{"name":"setMonacoEnvVariables","decl":{"start":{"line":4,"column":9},"end":{"line":4,"column":30}},"loc":{"start":{"line":4,"column":30},"end":{"line":22,"column":1}}},"1":{"name":"createEditor","decl":{"start":{"line":24,"column":16},"end":{"line":24,"column":28}},"loc":{"start":{"line":24,"column":79},"end":{"line":47,"column":1}}},"2":{"name":"getLanguagesList","decl":{"start":{"line":49,"column":16},"end":{"line":49,"column":32}},"loc":{"start":{"line":49,"column":32},"end":{"line":51,"column":1}}},"3":{"name":"(anonymous_3)","decl":{"start":{"line":50,"column":47},"end":{"line":50,"column":48}},"loc":{"start":{"line":50,"column":54},"end":{"line":50,"column":58}}}},"branchMap":{"0":{"loc":{"start":{"line":7,"column":6},"end":{"line":9,"column":7}},"type":"if","locations":[{"start":{"line":7,"column":6},"end":{"line":9,"column":7}},{"start":{"line":7,"column":6},"end":{"line":9,"column":7}}]},"1":{"loc":{"start":{"line":10,"column":6},"end":{"line":12,"column":7}},"type":"if","locations":[{"start":{"line":10,"column":6},"end":{"line":12,"column":7}},{"start":{"line":10,"column":6},"end":{"line":12,"column":7}}]},"2":{"loc":{"start":{"line":13,"column":6},"end":{"line":15,"column":7}},"type":"if","locations":[{"start":{"line":13,"column":6},"end":{"line":15,"column":7}},{"start":{"line":13,"column":6},"end":{"line":15,"column":7}}]},"3":{"loc":{"start":{"line":16,"column":6},"end":{"line":18,"column":7}},"type":"if","locations":[{"start":{"line":16,"column":6},"end":{"line":18,"column":7}},{"start":{"line":16,"column":6},"end":{"line":18,"column":7}}]},"4":{"loc":{"start":{"line":16,"column":10},"end":{"line":16,"column":32}},"type":"binary-expr","locations":[{"start":{"line":16,"column":10},"end":{"line":16,"column":32}},{"start":{"line":16,"column":36},"end":{"line":16,"column":58}}]},"5":{"loc":{"start":{"line":28,"column":2},"end":{"line":45,"column":3}},"type":"if","locations":[{"start":{"line":28,"column":2},"end":{"line":45,"column":3}},{"start":{"line":28,"column":2},"end":{"line":45,"column":3}}]}},"s":{"0":1,"1":0,"2":0,"3":0,"4":0,"5":0,"6":0,"7":0,"8":0,"9":0,"10":0,"11":0,"12":0,"13":0,"14":0,"15":0,"16":0,"17":1,"18":0,"19":0,"20":1},"f":{"0":0,"1":0,"2":0,"3":0},"b":{"0":[0,0],"1":[0,0],"2":[0,0],"3":[0,0],"4":[0,0],"5":[0,0]}}
,"C:\\Development\\code_projects\\monaco-notes\\src\\views\\Home.vue": {"path":"C:\\Development\\code_projects\\monaco-notes\\src\\views\\Home.vue","statementMap":{"0":{"start":{"line":16,"column":0},"end":{"line":null,"column":-1}},"1":{"start":{"line":17,"column":0},"end":{"line":null,"column":-1}},"2":{"start":{"line":18,"column":0},"end":{"line":null,"column":-1}},"3":{"start":{"line":19,"column":0},"end":{"line":null,"column":-1}},"4":{"start":{"line":29,"column":0},"end":{"line":null,"column":-1}},"5":{"start":{"line":29,"column":0},"end":{"line":21,"column":0}}},"fnMap":{},"branchMap":{},"s":{"0":1,"1":1,"2":1,"3":1,"4":1,"5":1},"f":{},"b":{}}
,"C:\\Development\\code_projects\\monaco-notes\\tests\\mockup\\monaco.mockup.ts": {"path":"C:\\Development\\code_projects\\monaco-notes\\tests\\mockup\\monaco.mockup.ts","statementMap":{"0":{"start":{"line":1,"column":13},"end":{"line":5,"column":13}},"1":{"start":{"line":7,"column":13},"end":{"line":7,"column":48}},"2":{"start":{"line":9,"column":13},"end":{"line":77,"column":2}}},"fnMap":{},"branchMap":{},"s":{"0":1,"1":1,"2":1},"f":{},"b":{}}
}
