TN:
SF:C:\Development\code_projects\monaco-notes\src\components\BaseActionConfirmeForm.vue
FNF:0
FNH:0
DA:11,1
DA:16,1
DA:18,1
LF:3
LH:3
BRF:0
BRH:0
end_of_record
TN:
SF:C:\Development\code_projects\monaco-notes\src\components\BaseCodeNote.vue
FN:79,(anonymous_1)
FN:107,(anonymous_2)
FN:111,(anonymous_3)
FN:115,(anonymous_4)
FN:120,(anonymous_5)
FN:132,(anonymous_6)
FN:144,(anonymous_7)
FN:153,(anonymous_8)
FN:154,(anonymous_9)
FN:161,(anonymous_10)
FN:166,(anonymous_11)
FN:169,(anonymous_12)
FN:172,(anonymous_13)
FN:180,(anonymous_14)
FN:182,(anonymous_15)
FN:186,(anonymous_16)
FN:192,(anonymous_17)
FN:197,(anonymous_18)
FN:202,(anonymous_19)
FN:210,(anonymous_20)
FNF:20
FNH:0
FNDA:0,(anonymous_1)
FNDA:0,(anonymous_2)
FNDA:0,(anonymous_3)
FNDA:0,(anonymous_4)
FNDA:0,(anonymous_5)
FNDA:0,(anonymous_6)
FNDA:0,(anonymous_7)
FNDA:0,(anonymous_8)
FNDA:0,(anonymous_9)
FNDA:0,(anonymous_10)
FNDA:0,(anonymous_11)
FNDA:0,(anonymous_12)
FNDA:0,(anonymous_13)
FNDA:0,(anonymous_14)
FNDA:0,(anonymous_15)
FNDA:0,(anonymous_16)
FNDA:0,(anonymous_17)
FNDA:0,(anonymous_18)
FNDA:0,(anonymous_19)
FNDA:0,(anonymous_20)
DA:71,1
DA:72,1
DA:73,1
DA:74,1
DA:75,1
DA:77,1
DA:95,1
DA:96,0
DA:97,0
DA:99,0
DA:100,0
DA:101,0
DA:102,0
DA:103,0
DA:104,0
DA:105,0
DA:106,0
DA:108,0
DA:109,0
DA:110,0
DA:111,0
DA:113,0
DA:116,0
DA:117,0
DA:118,0
DA:121,0
DA:122,0
DA:123,0
DA:124,0
DA:125,0
DA:126,0
DA:127,0
DA:128,0
DA:130,0
DA:133,0
DA:134,0
DA:136,0
DA:140,0
DA:142,0
DA:145,0
DA:146,0
DA:147,0
DA:148,0
DA:149,0
DA:150,0
DA:151,0
DA:154,0
DA:155,0
DA:156,0
DA:157,0
DA:162,0
DA:163,0
DA:164,0
DA:167,0
DA:170,0
DA:173,0
DA:174,0
DA:175,0
DA:176,0
DA:181,0
DA:182,0
DA:183,0
DA:187,0
DA:188,0
DA:189,0
DA:193,0
DA:194,0
DA:198,0
DA:199,0
DA:200,0
DA:203,0
DA:204,0
DA:205,0
DA:206,0
DA:210,1
DA:211,0
LF:76
LH:8
BRDA:110,0,0,0
BRDA:110,0,1,0
BRDA:123,1,0,0
BRDA:123,1,1,0
BRDA:123,2,0,0
BRDA:123,2,1,0
BRDA:123,2,2,0
BRDA:133,3,0,0
BRDA:133,3,1,0
BRDA:136,4,0,0
BRDA:136,4,1,0
BRDA:136,5,0,0
BRDA:136,5,1,0
BRDA:136,5,2,0
BRDA:136,5,3,0
BRDA:156,6,0,0
BRDA:156,6,1,0
BRDA:173,7,0,0
BRDA:173,7,1,0
BRDA:175,8,0,0
BRDA:175,8,1,0
BRDA:187,9,0,0
BRDA:187,9,1,0
BRDA:187,10,0,0
BRDA:187,10,1,0
BRDA:193,11,0,0
BRDA:193,11,1,0
BRDA:205,12,0,0
BRDA:205,12,1,0
BRF:29
BRH:0
end_of_record
TN:
SF:C:\Development\code_projects\monaco-notes\src\components\TheSideBar.vue
FN:99,(anonymous_1)
FN:114,(anonymous_2)
FN:130,(anonymous_3)
FN:136,(anonymous_4)
FN:140,(anonymous_5)
FN:144,(anonymous_6)
FN:151,(anonymous_7)
FN:157,(anonymous_8)
FN:162,(anonymous_9)
FNF:9
FNH:0
FNDA:0,(anonymous_1)
FNDA:0,(anonymous_2)
FNDA:0,(anonymous_3)
FNDA:0,(anonymous_4)
FNDA:0,(anonymous_5)
FNDA:0,(anonymous_6)
FNDA:0,(anonymous_7)
FNDA:0,(anonymous_8)
FNDA:0,(anonymous_9)
DA:93,1
DA:94,1
DA:96,1
DA:110,1
DA:111,0
DA:112,0
DA:113,0
DA:115,0
DA:116,0
DA:117,0
DA:118,0
DA:119,0
DA:123,0
DA:124,0
DA:128,0
DA:131,0
DA:132,0
DA:133,0
DA:137,0
DA:138,0
DA:141,0
DA:144,1
DA:145,0
DA:146,0
DA:147,0
DA:151,1
DA:152,0
DA:153,0
DA:154,0
DA:158,0
DA:159,0
DA:160,0
DA:163,0
DA:164,0
LF:34
LH:6
BRDA:118,0,0,0
BRDA:118,0,1,0
BRDA:123,1,0,0
BRDA:123,1,1,0
BRDA:131,2,0,0
BRDA:131,2,1,0
BRDA:145,3,0,0
BRDA:145,3,1,0
BRDA:152,4,0,0
BRDA:152,4,1,0
BRF:10
BRH:0
end_of_record
TN:
SF:C:\Development\code_projects\monaco-notes\src\components\TheToolBar.vue
FNF:0
FNH:0
DA:14,2
DA:15,2
DA:22,2
LF:3
LH:3
BRF:0
BRH:0
end_of_record
TN:
SF:C:\Development\code_projects\monaco-notes\src\utils\orm.models.ts
FN:8,(anonymous_0)
FNF:1
FNH:1
FNDA:1,(anonymous_0)
DA:3,1
DA:4,1
DA:8,1
LF:3
LH:3
BRDA:8,0,0,1
BRDA:8,0,1,1
BRF:2
BRH:2
end_of_record
TN:
SF:C:\Development\code_projects\monaco-notes\src\utils\indexedDB\notesStorage.ts
FN:10,isAvailableIndexedDb
FN:14,getMainDb
FN:15,(anonymous_2)
FN:19,(anonymous_3)
FN:22,(anonymous_4)
FN:25,(anonymous_5)
FN:35,createObjectStores
FN:54,saveNotebookToStore
FN:63,(anonymous_8)
FN:68,getAllNotebooks
FN:74,getAllNotes
FN:80,getAllRecycleNotes
FN:86,getAllNotebookKeys
FN:92,getAllNoteKeys
FN:98,getAllDataFromIDB
FN:99,(anonymous_15)
FN:102,(anonymous_16)
FN:105,(anonymous_17)
FN:111,getAllKeysFromIDB
FN:112,(anonymous_19)
FN:115,(anonymous_20)
FN:118,(anonymous_21)
FN:124,getItemFromStore
FN:126,(anonymous_23)
FN:129,(anonymous_24)
FN:132,(anonymous_25)
FN:139,saveItemToStore
FN:141,(anonymous_27)
FN:146,(anonymous_28)
FN:150,(anonymous_29)
FN:156,notebookIsUnique
FN:161,functionSaveTestMockupToStore
FN:162,(anonymous_32)
FN:176,(anonymous_33)
FN:194,createNewNotebookFromString
FN:205,deleteNotebookFromStore
FN:207,(anonymous_36)
FN:210,(anonymous_37)
FN:211,(anonymous_38)
FN:218,saveNoteToStore
FN:227,updateExistingNote
FN:229,(anonymous_41)
FN:232,(anonymous_42)
FN:236,(anonymous_43)
FN:241,(anonymous_44)
FN:249,deleteExistingNote
FN:251,(anonymous_46)
FN:254,(anonymous_47)
FN:255,(anonymous_48)
FN:262,moveNoteToRecycleBin
FN:264,(anonymous_50)
FN:269,(anonymous_51)
FN:273,(anonymous_52)
FNF:53
FNH:0
FNDA:0,isAvailableIndexedDb
FNDA:0,getMainDb
FNDA:0,(anonymous_2)
FNDA:0,(anonymous_3)
FNDA:0,(anonymous_4)
FNDA:0,(anonymous_5)
FNDA:0,createObjectStores
FNDA:0,saveNotebookToStore
FNDA:0,(anonymous_8)
FNDA:0,getAllNotebooks
FNDA:0,getAllNotes
FNDA:0,getAllRecycleNotes
FNDA:0,getAllNotebookKeys
FNDA:0,getAllNoteKeys
FNDA:0,getAllDataFromIDB
FNDA:0,(anonymous_15)
FNDA:0,(anonymous_16)
FNDA:0,(anonymous_17)
FNDA:0,getAllKeysFromIDB
FNDA:0,(anonymous_19)
FNDA:0,(anonymous_20)
FNDA:0,(anonymous_21)
FNDA:0,getItemFromStore
FNDA:0,(anonymous_23)
FNDA:0,(anonymous_24)
FNDA:0,(anonymous_25)
FNDA:0,saveItemToStore
FNDA:0,(anonymous_27)
FNDA:0,(anonymous_28)
FNDA:0,(anonymous_29)
FNDA:0,notebookIsUnique
FNDA:0,functionSaveTestMockupToStore
FNDA:0,(anonymous_32)
FNDA:0,(anonymous_33)
FNDA:0,createNewNotebookFromString
FNDA:0,deleteNotebookFromStore
FNDA:0,(anonymous_36)
FNDA:0,(anonymous_37)
FNDA:0,(anonymous_38)
FNDA:0,saveNoteToStore
FNDA:0,updateExistingNote
FNDA:0,(anonymous_41)
FNDA:0,(anonymous_42)
FNDA:0,(anonymous_43)
FNDA:0,(anonymous_44)
FNDA:0,deleteExistingNote
FNDA:0,(anonymous_46)
FNDA:0,(anonymous_47)
FNDA:0,(anonymous_48)
FNDA:0,moveNoteToRecycleBin
FNDA:0,(anonymous_50)
FNDA:0,(anonymous_51)
FNDA:0,(anonymous_52)
DA:2,1
DA:4,1
DA:11,0
DA:14,1
DA:15,0
DA:16,0
DA:17,0
DA:18,0
DA:19,0
DA:20,0
DA:22,0
DA:23,0
DA:25,0
DA:26,0
DA:30,0
DA:36,0
DA:40,0
DA:41,0
DA:45,0
DA:46,0
DA:50,0
DA:51,0
DA:54,1
DA:55,0
DA:56,0
DA:57,0
DA:59,0
DA:63,0
DA:64,0
DA:68,1
DA:69,0
DA:70,0
DA:71,0
DA:74,1
DA:75,0
DA:76,0
DA:77,0
DA:80,1
DA:81,0
DA:82,0
DA:83,0
DA:86,1
DA:87,0
DA:88,0
DA:89,0
DA:92,1
DA:93,0
DA:94,0
DA:95,0
DA:98,1
DA:99,0
DA:100,0
DA:102,0
DA:103,0
DA:105,0
DA:106,0
DA:111,1
DA:112,0
DA:113,0
DA:115,0
DA:116,0
DA:118,0
DA:119,0
DA:124,1
DA:125,0
DA:126,0
DA:127,0
DA:129,0
DA:130,0
DA:132,0
DA:133,0
DA:136,0
DA:139,1
DA:140,0
DA:141,0
DA:142,0
DA:146,0
DA:147,0
DA:148,0
DA:150,0
DA:151,0
DA:156,1
DA:157,0
DA:158,0
DA:161,1
DA:162,0
DA:163,0
DA:164,0
DA:165,0
DA:176,0
DA:177,0
DA:194,1
DA:195,0
DA:196,0
DA:205,1
DA:206,0
DA:207,0
DA:208,0
DA:210,0
DA:211,0
DA:212,0
DA:215,0
DA:218,1
DA:219,0
DA:220,0
DA:221,0
DA:223,0
DA:227,1
DA:228,0
DA:229,0
DA:230,0
DA:231,0
DA:232,0
DA:233,0
DA:235,0
DA:236,0
DA:237,0
DA:238,0
DA:239,0
DA:240,0
DA:241,0
DA:242,0
DA:246,0
DA:249,1
DA:250,0
DA:251,0
DA:252,0
DA:254,0
DA:255,0
DA:256,0
DA:259,0
DA:262,1
DA:263,0
DA:264,0
DA:265,0
DA:269,0
DA:270,0
DA:271,0
DA:273,0
DA:274,0
LF:140
LH:21
BRDA:16,0,0,0
BRDA:16,0,1,0
BRDA:18,1,0,0
BRDA:18,1,1,0
BRDA:56,2,0,0
BRDA:56,2,1,0
BRDA:164,3,0,0
BRDA:164,3,1,0
BRDA:220,4,0,0
BRDA:220,4,1,0
BRF:10
BRH:0
end_of_record
TN:
SF:C:\Development\code_projects\monaco-notes\src\utils\monaco\monaco.helpers.ts
FN:4,setMonacoEnvVariables
FN:24,createEditor
FN:49,getLanguagesList
FN:50,(anonymous_3)
FNF:4
FNH:0
FNDA:0,setMonacoEnvVariables
FNDA:0,createEditor
FNDA:0,getLanguagesList
FNDA:0,(anonymous_3)
DA:1,1
DA:5,0
DA:7,0
DA:8,0
DA:10,0
DA:11,0
DA:13,0
DA:14,0
DA:16,0
DA:17,0
DA:19,0
DA:24,1
DA:25,0
DA:26,0
DA:28,0
DA:29,0
DA:44,0
DA:46,0
DA:49,1
DA:50,0
LF:20
LH:3
BRDA:7,0,0,0
BRDA:7,0,1,0
BRDA:10,1,0,0
BRDA:10,1,1,0
BRDA:13,2,0,0
BRDA:13,2,1,0
BRDA:16,3,0,0
BRDA:16,3,1,0
BRDA:16,4,0,0
BRDA:16,4,1,0
BRDA:28,5,0,0
BRDA:28,5,1,0
BRF:12
BRH:0
end_of_record
TN:
SF:C:\Development\code_projects\monaco-notes\src\views\Home.vue
FNF:0
FNH:0
DA:16,1
DA:17,1
DA:18,1
DA:19,1
DA:29,1
LF:5
LH:5
BRF:0
BRH:0
end_of_record
TN:
SF:C:\Development\code_projects\monaco-notes\tests\mockup\monaco.mockup.ts
FNF:0
FNH:0
DA:1,1
DA:7,1
DA:9,1
LF:3
LH:3
BRF:0
BRH:0
end_of_record
